[debug] [2021-03-27T22:30:52.216Z] ----------------------------------------------------------------------
[debug] [2021-03-27T22:30:52.217Z] Command:       C:\Program Files\nodejs\node.exe C:\Users\Quill\AppData\Roaming\npm\node_modules\firebase-tools\lib\bin\firebase.js init
[debug] [2021-03-27T22:30:52.218Z] CLI Version:   9.8.0
[debug] [2021-03-27T22:30:52.218Z] Platform:      win32
[debug] [2021-03-27T22:30:52.218Z] Node Version:  v14.14.0
[debug] [2021-03-27T22:30:52.219Z] Time:          Sat Mar 27 2021 18:30:52 GMT-0400 (Eastern Daylight Time)
[debug] [2021-03-27T22:30:52.219Z] ----------------------------------------------------------------------
[debug] 
[debug] [2021-03-27T22:30:52.224Z] > command requires scopes: ["email","openid","https://www.googleapis.com/auth/cloudplatformprojects.readonly","https://www.googleapis.com/auth/firebase","https://www.googleapis.com/auth/cloud-platform"]
[debug] [2021-03-27T22:30:52.224Z] > authorizing via signed-in user
[info] 
     ######## #### ########  ######## ########     ###     ######  ########
     ##        ##  ##     ## ##       ##     ##  ##   ##  ##       ##
     ######    ##  ########  ######   ########  #########  ######  ######
     ##        ##  ##    ##  ##       ##     ## ##     ##       ## ##
     ##       #### ##     ## ######## ########  ##     ##  ######  ########

You're about to initialize a Firebase project in this directory:

  D:\Software\KalenFuckedUp\personal-site

[info] 
=== Project Setup
[info] 
[info] First, let's associate this project directory with a Firebase project.
[info] You can create multiple project aliases by running firebase use --add, 
[info] but for now we'll just set up a default project.
[info] 
[debug] [2021-03-27T22:31:15.239Z] >>> [apiv2][query] GET https://firebase.googleapis.com/v1beta1/projects pageSize=100
[debug] [2021-03-27T22:31:15.576Z] <<< [apiv2][status] GET https://firebase.googleapis.com/v1beta1/projects 200
[debug] [2021-03-27T22:31:15.577Z] <<< [apiv2][body] GET https://firebase.googleapis.com/v1beta1/projects [omitted]
[info] i  Using project quill-92e27 (quill) 
[info] 
=== Hosting Setup
[info] 
[info] Your public directory is the folder (relative to your project directory) that
[info] will contain Hosting assets to be uploaded with firebase deploy. If you
[info] have a build process for your assets, use your build's output directory.
[info] 
[debug] [2021-03-27T22:32:06.099Z] >>> [apiv2][query] GET https://www.gstatic.com/firebasejs/releases.json [none]
[debug] [2021-03-27T22:32:06.306Z] <<< [apiv2][status] GET https://www.gstatic.com/firebasejs/releases.json 200
[debug] [2021-03-27T22:32:06.307Z] <<< [apiv2][body] GET https://www.gstatic.com/firebasejs/releases.json {"current":{"version":"8.3.1","browserURL":"https://www.gstatic.com/firebasejs/8.3.1/firebase.js","packageURL":"https://www.gstatic.com/firebasejs/8.3.1/firebase.tgz"},"live":{"version":"8.3","browserURL":"https://www.gstatic.com/firebasejs/live/8.3/firebase.js","packageURL":"https://www.gstatic.com/firebasejs/live/8.3/firebase.tgz"},"components":{"analytics":"https://www.gstatic.com/firebasejs/8.3.1/firebase-analytics.js","app":"https://www.gstatic.com/firebasejs/8.3.1/firebase-app.js","auth":"https://www.gstatic.com/firebasejs/8.3.1/firebase-auth.js","database":"https://www.gstatic.com/firebasejs/8.3.1/firebase-database.js","firestore":"https://www.gstatic.com/firebasejs/8.3.1/firebase-firestore.js","functions":"https://www.gstatic.com/firebasejs/8.3.1/firebase-functions.js","installations":"https://www.gstatic.com/firebasejs/8.3.1/firebase-installations.js","messaging":"https://www.gstatic.com/firebasejs/8.3.1/firebase-messaging.js","storage":"https://www.gstatic.com/firebasejs/8.3.1/firebase-storage.js","performance":"https://www.gstatic.com/firebasejs/8.3.1/firebase-performance.js","remote-config":"https://www.gstatic.com/firebasejs/8.3.1/firebase-remote-config.js","firestore.memory":"https://www.gstatic.com/firebasejs/8.3.1/firebase-firestore.memory.js"}}
[info] +  Wrote build/index.html 
[info] 
[info] i  Detected a .git folder at D:\Software\KalenFuckedUp\personal-site 
[info] i  Authorizing with GitHub to upload your service account to a GitHub repository's secrets store. 
[info] 
[info] Visit this URL on this device to log in:
[info] https://github.com/login/oauth/authorize?client_id=89cf50f02ac6aaed3484&state=970462890&redirect_uri=http%3A%2F%2Flocalhost%3A9005&scope=read%3Auser%20repo%20public_repo
[info] 
[info] Waiting for authentication...
[debug] [2021-03-27T22:32:09.696Z] >>> HTTP REQUEST POST https://github.com/login/oauth/access_token  
 {"client_id":"89cf50f02ac6aaed3484","client_secret":"3330d14abc895d9a74d5f17cd7a00711fa2c5bf0","code":"47005f7bc77e712d95cf","redirect_uri":"http://localhost:9005","state":"970462890"}
[debug] [2021-03-27T22:32:09.821Z] <<< HTTP RESPONSE 200 {"server":"GitHub.com","date":"Sat, 27 Mar 2021 22:32:09 GMT","content-type":"application/json; charset=utf-8","transfer-encoding":"chunked","vary":"X-PJAX, Accept-Encoding, Accept, X-Requested-With","etag":"W/\"d282034ff96dfb6a585766d88b4023ff\"","cache-control":"max-age=0, private, must-revalidate","strict-transport-security":"max-age=31536000; includeSubdomains; preload","x-frame-options":"deny","x-content-type-options":"nosniff","x-xss-protection":"0","referrer-policy":"origin-when-cross-origin, strict-origin-when-cross-origin","expect-ct":"max-age=2592000, report-uri=\"https://api.github.com/_private/browser/errors\"","content-security-policy":"default-src 'none'; base-uri 'self'; block-all-mixed-content; connect-src 'self' uploads.github.com www.githubstatus.com collector.githubapp.com api.github.com github-cloud.s3.amazonaws.com github-production-repository-file-5c1aeb.s3.amazonaws.com github-production-upload-manifest-file-7fdce7.s3.amazonaws.com github-production-user-asset-6210df.s3.amazonaws.com cdn.optimizely.com logx.optimizely.com/v1/events wss://alive.github.com; font-src github.githubassets.com; form-action 'self' github.com gist.github.com; frame-ancestors 'none'; frame-src render.githubusercontent.com; img-src 'self' data: github.githubassets.com identicons.github.com collector.githubapp.com github-cloud.s3.amazonaws.com secured-user-images.githubusercontent.com/ *.githubusercontent.com; manifest-src 'self'; media-src 'none'; script-src github.githubassets.com; style-src 'unsafe-inline' github.githubassets.com; worker-src github.com/socket-worker-6832eced.js gist.github.com/socket-worker-6832eced.js","x-github-request-id":"3DF9:7CC9:A00A72:EEC2BA:605FB269"}
[debug] [2021-03-27T22:32:09.823Z] >>> [apiv2][query] GET https://api.github.com/user [none]
[debug] [2021-03-27T22:32:09.992Z] <<< [apiv2][status] GET https://api.github.com/user 200
[debug] [2021-03-27T22:32:09.992Z] <<< [apiv2][body] GET https://api.github.com/user {"login":"QuillDev","id":29633071,"node_id":"MDQ6VXNlcjI5NjMzMDcx","avatar_url":"https://avatars.githubusercontent.com/u/29633071?v=4","gravatar_id":"","url":"https://api.github.com/users/QuillDev","html_url":"https://github.com/QuillDev","followers_url":"https://api.github.com/users/QuillDev/followers","following_url":"https://api.github.com/users/QuillDev/following{/other_user}","gists_url":"https://api.github.com/users/QuillDev/gists{/gist_id}","starred_url":"https://api.github.com/users/QuillDev/starred{/owner}{/repo}","subscriptions_url":"https://api.github.com/users/QuillDev/subscriptions","organizations_url":"https://api.github.com/users/QuillDev/orgs","repos_url":"https://api.github.com/users/QuillDev/repos","events_url":"https://api.github.com/users/QuillDev/events{/privacy}","received_events_url":"https://api.github.com/users/QuillDev/received_events","type":"User","site_admin":false,"name":"Robert Dylan Brunson","company":null,"blog":"https://quilldev.tech","location":"Wilmington, NC","email":"siinspam@gmail.com","hireable":true,"bio":"Just another developer. Lead developer for FRC teams #7265 and #6214","twitter_username":"quilldev","public_repos":40,"public_gists":1,"followers":3,"following":4,"created_at":"2017-06-22T15:31:36Z","updated_at":"2021-03-27T22:08:23Z","private_gists":6,"total_private_repos":5,"owned_private_repos":5,"disk_usage":77924,"collaborators":0,"two_factor_authentication":false,"plan":{"name":"pro","space":976562499,"collaborators":0,"private_repos":9999}}
[info] 
[info] +  Success! Logged into GitHub as QuillDev 
[info] 
